{"/Users/gimhoemin/Desktop/project/js/data-structure/src/index.ts": {"path":"/Users/gimhoemin/Desktop/project/js/data-structure/src/index.ts","all":false,"statementMap":{"0":{"start":{"line":1,"column":0},"end":{"line":1,"column":0}},"1":{"start":{"line":2,"column":0},"end":{"line":2,"column":35}},"2":{"start":{"line":3,"column":0},"end":{"line":3,"column":25}},"3":{"start":{"line":4,"column":0},"end":{"line":4,"column":2}}},"s":{"0":1,"1":1,"2":1,"3":1},"branchMap":{"0":{"type":"branch","line":2,"loc":{"start":{"line":2,"column":28},"end":{"line":4,"column":2}},"locations":[{"start":{"line":2,"column":28},"end":{"line":4,"column":2}}]}},"b":{"0":[1]},"fnMap":{"0":{"name":"testFunction","decl":{"start":{"line":2,"column":28},"end":{"line":4,"column":2}},"loc":{"start":{"line":2,"column":28},"end":{"line":4,"column":2}},"line":2}},"f":{"0":1}}
}
